0 info it worked if it ends with ok
1 verbose cli [ '/Users/marko.pance/.nvm/versions/node/v4.3.1/bin/node',
1 verbose cli   '/Users/marko.pance/.nvm/versions/node/v4.3.1/bin/npm',
1 verbose cli   'run',
1 verbose cli   'test' ]
2 info using npm@3.8.1
3 info using node@v4.3.1
4 verbose run-script [ 'pretest', 'test', 'posttest' ]
5 info lifecycle hwr@1.0.0~pretest: hwr@1.0.0
6 silly lifecycle hwr@1.0.0~pretest: no script for pretest, continuing
7 info lifecycle hwr@1.0.0~test: hwr@1.0.0
8 verbose lifecycle hwr@1.0.0~test: unsafe-perm in lifecycle true
9 verbose lifecycle hwr@1.0.0~test: PATH: /Users/marko.pance/.nvm/versions/node/v4.3.1/lib/node_modules/npm/bin/node-gyp-bin:/Users/marko.pance/Desktop/hwr/node_modules/.bin:/Users/marko.pance/.nvm/versions/node/v4.3.1/bin:/Users/marko.pance/.rbenv/shims:/Users/marko.pance/.nvm/versions/node/v4.3.1/bin:/Users/marko.pance/homebrew/Cellar/git/2.6.3/bin:/Users/marko.pance/.rbenv/shims:/Users/marko.pance/homebrew/bin:/usr/local/bin:/usr/bin:/bin:/usr/sbin:/sbin
10 verbose lifecycle hwr@1.0.0~test: CWD: /Users/marko.pance/Desktop/hwr
11 silly lifecycle hwr@1.0.0~test: Args: [ '-c', 'jest --verbose' ]
12 silly lifecycle hwr@1.0.0~test: Returned: code: 1  signal: null
13 info lifecycle hwr@1.0.0~test: Failed to exec test script
14 verbose stack Error: hwr@1.0.0 test: `jest --verbose`
14 verbose stack Exit status 1
14 verbose stack     at EventEmitter.<anonymous> (/Users/marko.pance/.nvm/versions/node/v4.3.1/lib/node_modules/npm/lib/utils/lifecycle.js:239:16)
14 verbose stack     at emitTwo (events.js:87:13)
14 verbose stack     at EventEmitter.emit (events.js:172:7)
14 verbose stack     at ChildProcess.<anonymous> (/Users/marko.pance/.nvm/versions/node/v4.3.1/lib/node_modules/npm/lib/utils/spawn.js:24:14)
14 verbose stack     at emitTwo (events.js:87:13)
14 verbose stack     at ChildProcess.emit (events.js:172:7)
14 verbose stack     at maybeClose (internal/child_process.js:821:16)
14 verbose stack     at Process.ChildProcess._handle.onexit (internal/child_process.js:211:5)
15 verbose pkgid hwr@1.0.0
16 verbose cwd /Users/marko.pance/Desktop/hwr
17 error Darwin 14.5.0
18 error argv "/Users/marko.pance/.nvm/versions/node/v4.3.1/bin/node" "/Users/marko.pance/.nvm/versions/node/v4.3.1/bin/npm" "run" "test"
19 error node v4.3.1
20 error npm  v3.8.1
21 error code ELIFECYCLE
22 error hwr@1.0.0 test: `jest --verbose`
22 error Exit status 1
23 error Failed at the hwr@1.0.0 test script 'jest --verbose'.
23 error Make sure you have the latest version of node.js and npm installed.
23 error If you do, this is most likely a problem with the hwr package,
23 error not with npm itself.
23 error Tell the author that this fails on your system:
23 error     jest --verbose
23 error You can get information on how to open an issue for this project with:
23 error     npm bugs hwr
23 error Or if that isn't available, you can get their info via:
23 error     npm owner ls hwr
23 error There is likely additional logging output above.
24 verbose exit [ 1, true ]
